nohup: ignoring input
Traceback (most recent call last):
  File "/root/sentient_sim/osb1/./.venv/bin/uvicorn", line 8, in <module>
    sys.exit(main())
  File "/root/sentient_sim/osb1/.venv/lib/python3.10/site-packages/click/core.py", line 1462, in __call__
    return self.main(*args, **kwargs)
  File "/root/sentient_sim/osb1/.venv/lib/python3.10/site-packages/click/core.py", line 1383, in main
    rv = self.invoke(ctx)
  File "/root/sentient_sim/osb1/.venv/lib/python3.10/site-packages/click/core.py", line 1246, in invoke
    return ctx.invoke(self.callback, **ctx.params)
  File "/root/sentient_sim/osb1/.venv/lib/python3.10/site-packages/click/core.py", line 814, in invoke
    return callback(*args, **kwargs)
  File "/root/sentient_sim/osb1/.venv/lib/python3.10/site-packages/uvicorn/main.py", line 423, in main
    run(
  File "/root/sentient_sim/osb1/.venv/lib/python3.10/site-packages/uvicorn/main.py", line 593, in run
    server.run()
  File "/root/sentient_sim/osb1/.venv/lib/python3.10/site-packages/uvicorn/server.py", line 67, in run
    return asyncio_run(self.serve(sockets=sockets), loop_factory=self.config.get_loop_factory())
  File "/root/sentient_sim/osb1/.venv/lib/python3.10/site-packages/uvicorn/_compat.py", line 60, in asyncio_run
    return loop.run_until_complete(main)
  File "/usr/lib/python3.10/asyncio/base_events.py", line 649, in run_until_complete
    return future.result()
  File "/root/sentient_sim/osb1/.venv/lib/python3.10/site-packages/uvicorn/server.py", line 71, in serve
    await self._serve(sockets)
  File "/root/sentient_sim/osb1/.venv/lib/python3.10/site-packages/uvicorn/server.py", line 78, in _serve
    config.load()
  File "/root/sentient_sim/osb1/.venv/lib/python3.10/site-packages/uvicorn/config.py", line 439, in load
    self.loaded_app = import_from_string(self.app)
  File "/root/sentient_sim/osb1/.venv/lib/python3.10/site-packages/uvicorn/importer.py", line 19, in import_from_string
    module = importlib.import_module(module_str)
  File "/usr/lib/python3.10/importlib/__init__.py", line 126, in import_module
    return _bootstrap._gcd_import(name[level:], package, level)
  File "<frozen importlib._bootstrap>", line 1050, in _gcd_import
  File "<frozen importlib._bootstrap>", line 1027, in _find_and_load
  File "<frozen importlib._bootstrap>", line 1006, in _find_and_load_unlocked
  File "<frozen importlib._bootstrap>", line 688, in _load_unlocked
  File "<frozen importlib._bootstrap_external>", line 883, in exec_module
  File "<frozen importlib._bootstrap>", line 241, in _call_with_frames_removed
  File "/root/sentient_sim/osb1/demo/app.py", line 8, in <module>
    SUB = (BASE / submissions); SUB.mkdir(exist_ok=True)
NameError: name 'submissions' is not defined
